<html>
<head>
<title>TestNG:  All Calculator Tests</title>
<link href="../testng.css" rel="stylesheet" type="text/css" />
<link href="../my-testng.css" rel="stylesheet" type="text/css" />

<style type="text/css">
.log { display: none;} 
.stack-trace { display: none;} 
</style>
<script type="text/javascript">
<!--
function flip(e) {
  current = e.style.display;
  if (current == 'block') {
    e.style.display = 'none';
    return 0;
  }
  else {
    e.style.display = 'block';
    return 1;
  }
}

function toggleBox(szDivId, elem, msg1, msg2)
{
  var res = -1;  if (document.getElementById) {
    res = flip(document.getElementById(szDivId));
  }
  else if (document.all) {
    // this is the way old msie versions work
    res = flip(document.all[szDivId]);
  }
  if(elem) {
    if(res == 0) elem.innerHTML = msg1; else elem.innerHTML = msg2;
  }

}

function toggleAllBoxes() {
  if (document.getElementsByTagName) {
    d = document.getElementsByTagName('div');
    for (i = 0; i < d.length; i++) {
      if (d[i].className == 'log') {
        flip(d[i]);
      }
    }
  }
}

// -->
</script>

</head>
<body>
<h2 align='center'>All Calculator Tests</h2><table border='1' align="center">
<tr>
<td>Tests passed/Failed/Skipped:</td><td>36/17/0</td>
</tr><tr>
<td>Started on:</td><td>Fri Mar 21 21:37:51 MSK 2025</td>
</tr>
<tr><td>Total time:</td><td>0 seconds (58 ms)</td>
</tr><tr>
<td>Included groups:</td><td></td>
</tr><tr>
<td>Excluded groups:</td><td></td>
</tr>
</table><p/>
<small><i>(Hover the method name to see the test class name)</i></small><p/>
<table width='100%' border='1' class='invocation-failed'>
<tr><td colspan='4' align='center'><b>FAILED TESTS</b></td></tr>
<tr><td><b>Test method</b></td>
<td><b>Attribute(s)</b></td>
<td width="30%"><b>Exception</b></td>
<td width="10%"><b>Time (seconds)</b></td>
<td><b>Instance</b></td>
</tr>
<tr>
<td title='org.example.TestClass.CosineTest.cosTest()'><b>cosTest</b><br>Test class: org.example.TestClass.CosineTest<br>Parameters: -3, -0.9899924966</td>
<td><div><pre>java.lang.AssertionError: Invalid result of cos operation! expected [-0.9899924966] but found [-0.1411200080598672]
	at org.example.TestClass.CosineTest.cosTest(CosineTest.java:12)
	at java.base/java.util.ArrayList.forEach(ArrayList.java:1597)
	at org.example.Runner.main(Runner.java:25)
... Removed 26 stack frames</pre></div><a href='#' onClick='toggleBox("stack-trace902478634", this, "Click to show all stack frames", "Click to hide stack frames")'>Click to show all stack frames</a>
<div class='stack-trace' id='stack-trace902478634'><pre>java.lang.AssertionError: Invalid result of cos operation! expected [-0.9899924966] but found [-0.1411200080598672]
	at org.testng.Assert.fail(Assert.java:111)
	at org.testng.Assert.failNotEquals(Assert.java:1590)
	at org.testng.Assert.assertEquals(Assert.java:728)
	at org.example.TestClass.CosineTest.cosTest(CosineTest.java:12)
	at java.base/jdk.internal.reflect.DirectMethodHandleAccessor.invoke(DirectMethodHandleAccessor.java:103)
	at java.base/java.lang.reflect.Method.invoke(Method.java:580)
	at org.testng.internal.invokers.MethodInvocationHelper.invokeMethod(MethodInvocationHelper.java:141)
	at org.testng.internal.invokers.TestInvoker.invokeMethod(TestInvoker.java:687)
	at org.testng.internal.invokers.TestInvoker.invokeTestMethod(TestInvoker.java:230)
	at org.testng.internal.invokers.MethodRunner.runInSequence(MethodRunner.java:63)
	at org.testng.internal.invokers.TestInvoker$MethodInvocationAgent.invoke(TestInvoker.java:995)
	at org.testng.internal.invokers.TestInvoker.invokeTestMethods(TestInvoker.java:203)
	at org.testng.internal.invokers.TestMethodWorker.invokeTestMethods(TestMethodWorker.java:154)
	at org.testng.internal.invokers.TestMethodWorker.run(TestMethodWorker.java:134)
	at java.base/java.util.ArrayList.forEach(ArrayList.java:1597)
	at org.testng.TestRunner.privateRun(TestRunner.java:741)
	at org.testng.TestRunner.run(TestRunner.java:616)
	at org.testng.SuiteRunner.runTest(SuiteRunner.java:421)
	at org.testng.SuiteRunner.runSequentially(SuiteRunner.java:413)
	at org.testng.SuiteRunner.privateRun(SuiteRunner.java:373)
	at org.testng.SuiteRunner.run(SuiteRunner.java:312)
	at org.testng.SuiteRunnerWorker.runSuite(SuiteRunnerWorker.java:52)
	at org.testng.SuiteRunnerWorker.run(SuiteRunnerWorker.java:95)
	at org.testng.TestNG.runSuitesSequentially(TestNG.java:1274)
	at org.testng.TestNG.runSuitesSequentially(TestNG.java:1269)
	at org.testng.TestNG.runSuitesLocally(TestNG.java:1208)
	at org.testng.TestNG.runSuites(TestNG.java:1112)
	at org.testng.TestNG.run(TestNG.java:1079)
	at org.example.Runner.main(Runner.java:25)
</pre></div></td>
<td>0</td>
<td>org.example.TestClass.CosineTest@78b729e6</td></tr>
<tr>
<td title='org.example.TestClass.IsNegativeTest.isNegativeTest()'><b>isNegativeTest</b><br>Test class: org.example.TestClass.IsNegativeTest<br>Parameters: 1</td>
<td><div><pre>java.lang.AssertionError: Invalid result of isNegative operation! expected [true] but found [false]
	at org.example.TestClass.IsNegativeTest.isNegativeTest(IsNegativeTest.java:12)
	at java.base/java.util.ArrayList.forEach(ArrayList.java:1597)
	at org.example.Runner.main(Runner.java:25)
... Removed 26 stack frames</pre></div><a href='#' onClick='toggleBox("stack-trace29183965", this, "Click to show all stack frames", "Click to hide stack frames")'>Click to show all stack frames</a>
<div class='stack-trace' id='stack-trace29183965'><pre>java.lang.AssertionError: Invalid result of isNegative operation! expected [true] but found [false]
	at org.testng.Assert.fail(Assert.java:111)
	at org.testng.Assert.failNotEquals(Assert.java:1590)
	at org.testng.Assert.assertTrue(Assert.java:57)
	at org.example.TestClass.IsNegativeTest.isNegativeTest(IsNegativeTest.java:12)
	at java.base/jdk.internal.reflect.DirectMethodHandleAccessor.invoke(DirectMethodHandleAccessor.java:103)
	at java.base/java.lang.reflect.Method.invoke(Method.java:580)
	at org.testng.internal.invokers.MethodInvocationHelper.invokeMethod(MethodInvocationHelper.java:141)
	at org.testng.internal.invokers.TestInvoker.invokeMethod(TestInvoker.java:687)
	at org.testng.internal.invokers.TestInvoker.invokeTestMethod(TestInvoker.java:230)
	at org.testng.internal.invokers.MethodRunner.runInSequence(MethodRunner.java:63)
	at org.testng.internal.invokers.TestInvoker$MethodInvocationAgent.invoke(TestInvoker.java:995)
	at org.testng.internal.invokers.TestInvoker.invokeTestMethods(TestInvoker.java:203)
	at org.testng.internal.invokers.TestMethodWorker.invokeTestMethods(TestMethodWorker.java:154)
	at org.testng.internal.invokers.TestMethodWorker.run(TestMethodWorker.java:134)
	at java.base/java.util.ArrayList.forEach(ArrayList.java:1597)
	at org.testng.TestRunner.privateRun(TestRunner.java:741)
	at org.testng.TestRunner.run(TestRunner.java:616)
	at org.testng.SuiteRunner.runTest(SuiteRunner.java:421)
	at org.testng.SuiteRunner.runSequentially(SuiteRunner.java:413)
	at org.testng.SuiteRunner.privateRun(SuiteRunner.java:373)
	at org.testng.SuiteRunner.run(SuiteRunner.java:312)
	at org.testng.SuiteRunnerWorker.runSuite(SuiteRunnerWorker.java:52)
	at org.testng.SuiteRunnerWorker.run(SuiteRunnerWorker.java:95)
	at org.testng.TestNG.runSuitesSequentially(TestNG.java:1274)
	at org.testng.TestNG.runSuitesSequentially(TestNG.java:1269)
	at org.testng.TestNG.runSuitesLocally(TestNG.java:1208)
	at org.testng.TestNG.runSuites(TestNG.java:1112)
	at org.testng.TestNG.run(TestNG.java:1079)
	at org.example.Runner.main(Runner.java:25)
</pre></div></td>
<td>0</td>
<td>org.example.TestClass.IsNegativeTest@197d671</td></tr>
<tr>
<td title='org.example.TestClass.CotangentTest.ctgTest()'><b>ctgTest</b><br>Test class: org.example.TestClass.CotangentTest<br>Parameters: -3, 7.01525255143</td>
<td><div><pre>java.lang.AssertionError: Invalid result of ctg operation! expected [7.01525255143] but found [-0.9950547536867305]
	at org.example.TestClass.CotangentTest.ctgTest(CotangentTest.java:12)
	at java.base/java.util.ArrayList.forEach(ArrayList.java:1597)
	at org.example.Runner.main(Runner.java:25)
... Removed 26 stack frames</pre></div><a href='#' onClick='toggleBox("stack-trace1470344997", this, "Click to show all stack frames", "Click to hide stack frames")'>Click to show all stack frames</a>
<div class='stack-trace' id='stack-trace1470344997'><pre>java.lang.AssertionError: Invalid result of ctg operation! expected [7.01525255143] but found [-0.9950547536867305]
	at org.testng.Assert.fail(Assert.java:111)
	at org.testng.Assert.failNotEquals(Assert.java:1590)
	at org.testng.Assert.assertEquals(Assert.java:728)
	at org.example.TestClass.CotangentTest.ctgTest(CotangentTest.java:12)
	at java.base/jdk.internal.reflect.DirectMethodHandleAccessor.invoke(DirectMethodHandleAccessor.java:103)
	at java.base/java.lang.reflect.Method.invoke(Method.java:580)
	at org.testng.internal.invokers.MethodInvocationHelper.invokeMethod(MethodInvocationHelper.java:141)
	at org.testng.internal.invokers.TestInvoker.invokeMethod(TestInvoker.java:687)
	at org.testng.internal.invokers.TestInvoker.invokeTestMethod(TestInvoker.java:230)
	at org.testng.internal.invokers.MethodRunner.runInSequence(MethodRunner.java:63)
	at org.testng.internal.invokers.TestInvoker$MethodInvocationAgent.invoke(TestInvoker.java:995)
	at org.testng.internal.invokers.TestInvoker.invokeTestMethods(TestInvoker.java:203)
	at org.testng.internal.invokers.TestMethodWorker.invokeTestMethods(TestMethodWorker.java:154)
	at org.testng.internal.invokers.TestMethodWorker.run(TestMethodWorker.java:134)
	at java.base/java.util.ArrayList.forEach(ArrayList.java:1597)
	at org.testng.TestRunner.privateRun(TestRunner.java:741)
	at org.testng.TestRunner.run(TestRunner.java:616)
	at org.testng.SuiteRunner.runTest(SuiteRunner.java:421)
	at org.testng.SuiteRunner.runSequentially(SuiteRunner.java:413)
	at org.testng.SuiteRunner.privateRun(SuiteRunner.java:373)
	at org.testng.SuiteRunner.run(SuiteRunner.java:312)
	at org.testng.SuiteRunnerWorker.runSuite(SuiteRunnerWorker.java:52)
	at org.testng.SuiteRunnerWorker.run(SuiteRunnerWorker.java:95)
	at org.testng.TestNG.runSuitesSequentially(TestNG.java:1274)
	at org.testng.TestNG.runSuitesSequentially(TestNG.java:1269)
	at org.testng.TestNG.runSuitesLocally(TestNG.java:1208)
	at org.testng.TestNG.runSuites(TestNG.java:1112)
	at org.testng.TestNG.run(TestNG.java:1079)
	at org.example.Runner.main(Runner.java:25)
</pre></div></td>
<td>0</td>
<td>org.example.TestClass.CotangentTest@6b4a4e18</td></tr>
<tr>
<td title='org.example.TestClass.CosineTest.cosTest()'><b>cosTest</b><br>Test class: org.example.TestClass.CosineTest<br>Parameters: 100, 0.86231887228</td>
<td><div><pre>java.lang.AssertionError: Invalid result of cos operation! expected [0.86231887228] but found [-0.5063656411097588]
	at org.example.TestClass.CosineTest.cosTest(CosineTest.java:12)
	at java.base/java.util.ArrayList.forEach(ArrayList.java:1597)
	at org.example.Runner.main(Runner.java:25)
... Removed 26 stack frames</pre></div><a href='#' onClick='toggleBox("stack-trace2044903525", this, "Click to show all stack frames", "Click to hide stack frames")'>Click to show all stack frames</a>
<div class='stack-trace' id='stack-trace2044903525'><pre>java.lang.AssertionError: Invalid result of cos operation! expected [0.86231887228] but found [-0.5063656411097588]
	at org.testng.Assert.fail(Assert.java:111)
	at org.testng.Assert.failNotEquals(Assert.java:1590)
	at org.testng.Assert.assertEquals(Assert.java:728)
	at org.example.TestClass.CosineTest.cosTest(CosineTest.java:12)
	at java.base/jdk.internal.reflect.DirectMethodHandleAccessor.invoke(DirectMethodHandleAccessor.java:103)
	at java.base/java.lang.reflect.Method.invoke(Method.java:580)
	at org.testng.internal.invokers.MethodInvocationHelper.invokeMethod(MethodInvocationHelper.java:141)
	at org.testng.internal.invokers.TestInvoker.invokeMethod(TestInvoker.java:687)
	at org.testng.internal.invokers.TestInvoker.invokeTestMethod(TestInvoker.java:230)
	at org.testng.internal.invokers.MethodRunner.runInSequence(MethodRunner.java:63)
	at org.testng.internal.invokers.TestInvoker$MethodInvocationAgent.invoke(TestInvoker.java:995)
	at org.testng.internal.invokers.TestInvoker.invokeTestMethods(TestInvoker.java:203)
	at org.testng.internal.invokers.TestMethodWorker.invokeTestMethods(TestMethodWorker.java:154)
	at org.testng.internal.invokers.TestMethodWorker.run(TestMethodWorker.java:134)
	at java.base/java.util.ArrayList.forEach(ArrayList.java:1597)
	at org.testng.TestRunner.privateRun(TestRunner.java:741)
	at org.testng.TestRunner.run(TestRunner.java:616)
	at org.testng.SuiteRunner.runTest(SuiteRunner.java:421)
	at org.testng.SuiteRunner.runSequentially(SuiteRunner.java:413)
	at org.testng.SuiteRunner.privateRun(SuiteRunner.java:373)
	at org.testng.SuiteRunner.run(SuiteRunner.java:312)
	at org.testng.SuiteRunnerWorker.runSuite(SuiteRunnerWorker.java:52)
	at org.testng.SuiteRunnerWorker.run(SuiteRunnerWorker.java:95)
	at org.testng.TestNG.runSuitesSequentially(TestNG.java:1274)
	at org.testng.TestNG.runSuitesSequentially(TestNG.java:1269)
	at org.testng.TestNG.runSuitesLocally(TestNG.java:1208)
	at org.testng.TestNG.runSuites(TestNG.java:1112)
	at org.testng.TestNG.run(TestNG.java:1079)
	at org.example.Runner.main(Runner.java:25)
</pre></div></td>
<td>0</td>
<td>org.example.TestClass.CosineTest@78b729e6</td></tr>
<tr>
<td title='org.example.TestClass.TangentTest.sinTest()'><b>sinTest</b><br>Test class: org.example.TestClass.TangentTest<br>Parameters: 0, 0</td>
<td><div><pre>java.lang.AssertionError: Invalid result of tan operation! expected [0.0] but found [NaN]
	at org.example.TestClass.TangentTest.sinTest(TangentTest.java:12)
	at java.base/java.util.ArrayList.forEach(ArrayList.java:1597)
	at org.example.Runner.main(Runner.java:25)
... Removed 26 stack frames</pre></div><a href='#' onClick='toggleBox("stack-trace2020152163", this, "Click to show all stack frames", "Click to hide stack frames")'>Click to show all stack frames</a>
<div class='stack-trace' id='stack-trace2020152163'><pre>java.lang.AssertionError: Invalid result of tan operation! expected [0.0] but found [NaN]
	at org.testng.Assert.fail(Assert.java:111)
	at org.testng.Assert.failNotEquals(Assert.java:1590)
	at org.testng.Assert.assertEquals(Assert.java:728)
	at org.example.TestClass.TangentTest.sinTest(TangentTest.java:12)
	at java.base/jdk.internal.reflect.DirectMethodHandleAccessor.invoke(DirectMethodHandleAccessor.java:103)
	at java.base/java.lang.reflect.Method.invoke(Method.java:580)
	at org.testng.internal.invokers.MethodInvocationHelper.invokeMethod(MethodInvocationHelper.java:141)
	at org.testng.internal.invokers.TestInvoker.invokeMethod(TestInvoker.java:687)
	at org.testng.internal.invokers.TestInvoker.invokeTestMethod(TestInvoker.java:230)
	at org.testng.internal.invokers.MethodRunner.runInSequence(MethodRunner.java:63)
	at org.testng.internal.invokers.TestInvoker$MethodInvocationAgent.invoke(TestInvoker.java:995)
	at org.testng.internal.invokers.TestInvoker.invokeTestMethods(TestInvoker.java:203)
	at org.testng.internal.invokers.TestMethodWorker.invokeTestMethods(TestMethodWorker.java:154)
	at org.testng.internal.invokers.TestMethodWorker.run(TestMethodWorker.java:134)
	at java.base/java.util.ArrayList.forEach(ArrayList.java:1597)
	at org.testng.TestRunner.privateRun(TestRunner.java:741)
	at org.testng.TestRunner.run(TestRunner.java:616)
	at org.testng.SuiteRunner.runTest(SuiteRunner.java:421)
	at org.testng.SuiteRunner.runSequentially(SuiteRunner.java:413)
	at org.testng.SuiteRunner.privateRun(SuiteRunner.java:373)
	at org.testng.SuiteRunner.run(SuiteRunner.java:312)
	at org.testng.SuiteRunnerWorker.runSuite(SuiteRunnerWorker.java:52)
	at org.testng.SuiteRunnerWorker.run(SuiteRunnerWorker.java:95)
	at org.testng.TestNG.runSuitesSequentially(TestNG.java:1274)
	at org.testng.TestNG.runSuitesSequentially(TestNG.java:1269)
	at org.testng.TestNG.runSuitesLocally(TestNG.java:1208)
	at org.testng.TestNG.runSuites(TestNG.java:1112)
	at org.testng.TestNG.run(TestNG.java:1079)
	at org.example.Runner.main(Runner.java:25)
</pre></div></td>
<td>0</td>
<td>org.example.TestClass.TangentTest@6293abcc</td></tr>
<tr>
<td title='org.example.TestClass.IsPositiveTest.isPositiveTest()'><b>isPositiveTest</b><br>Test class: org.example.TestClass.IsPositiveTest<br>Parameters: 0</td>
<td><div><pre>java.lang.AssertionError: Invalid result of isPositive operation! expected [true] but found [false]
	at org.example.TestClass.IsPositiveTest.isPositiveTest(IsPositiveTest.java:12)
	at java.base/java.util.ArrayList.forEach(ArrayList.java:1597)
	at org.example.Runner.main(Runner.java:25)
... Removed 26 stack frames</pre></div><a href='#' onClick='toggleBox("stack-trace691690486", this, "Click to show all stack frames", "Click to hide stack frames")'>Click to show all stack frames</a>
<div class='stack-trace' id='stack-trace691690486'><pre>java.lang.AssertionError: Invalid result of isPositive operation! expected [true] but found [false]
	at org.testng.Assert.fail(Assert.java:111)
	at org.testng.Assert.failNotEquals(Assert.java:1590)
	at org.testng.Assert.assertTrue(Assert.java:57)
	at org.example.TestClass.IsPositiveTest.isPositiveTest(IsPositiveTest.java:12)
	at java.base/jdk.internal.reflect.DirectMethodHandleAccessor.invoke(DirectMethodHandleAccessor.java:103)
	at java.base/java.lang.reflect.Method.invoke(Method.java:580)
	at org.testng.internal.invokers.MethodInvocationHelper.invokeMethod(MethodInvocationHelper.java:141)
	at org.testng.internal.invokers.TestInvoker.invokeMethod(TestInvoker.java:687)
	at org.testng.internal.invokers.TestInvoker.invokeTestMethod(TestInvoker.java:230)
	at org.testng.internal.invokers.MethodRunner.runInSequence(MethodRunner.java:63)
	at org.testng.internal.invokers.TestInvoker$MethodInvocationAgent.invoke(TestInvoker.java:995)
	at org.testng.internal.invokers.TestInvoker.invokeTestMethods(TestInvoker.java:203)
	at org.testng.internal.invokers.TestMethodWorker.invokeTestMethods(TestMethodWorker.java:154)
	at org.testng.internal.invokers.TestMethodWorker.run(TestMethodWorker.java:134)
	at java.base/java.util.ArrayList.forEach(ArrayList.java:1597)
	at org.testng.TestRunner.privateRun(TestRunner.java:741)
	at org.testng.TestRunner.run(TestRunner.java:616)
	at org.testng.SuiteRunner.runTest(SuiteRunner.java:421)
	at org.testng.SuiteRunner.runSequentially(SuiteRunner.java:413)
	at org.testng.SuiteRunner.privateRun(SuiteRunner.java:373)
	at org.testng.SuiteRunner.run(SuiteRunner.java:312)
	at org.testng.SuiteRunnerWorker.runSuite(SuiteRunnerWorker.java:52)
	at org.testng.SuiteRunnerWorker.run(SuiteRunnerWorker.java:95)
	at org.testng.TestNG.runSuitesSequentially(TestNG.java:1274)
	at org.testng.TestNG.runSuitesSequentially(TestNG.java:1269)
	at org.testng.TestNG.runSuitesLocally(TestNG.java:1208)
	at org.testng.TestNG.runSuites(TestNG.java:1112)
	at org.testng.TestNG.run(TestNG.java:1079)
	at org.example.Runner.main(Runner.java:25)
</pre></div></td>
<td>0</td>
<td>org.example.TestClass.IsPositiveTest@402e37bc</td></tr>
<tr>
<td title='org.example.TestClass.CotangentTest.ctgTest()'><b>ctgTest</b><br>Test class: org.example.TestClass.CotangentTest<br>Parameters: 5, -0.29581291553</td>
<td><div><pre>java.lang.AssertionError: Invalid result of ctg operation! expected [-0.29581291553] but found [0.9999092042625951]
	at org.example.TestClass.CotangentTest.ctgTest(CotangentTest.java:12)
	at java.base/java.util.ArrayList.forEach(ArrayList.java:1597)
	at org.example.Runner.main(Runner.java:25)
... Removed 26 stack frames</pre></div><a href='#' onClick='toggleBox("stack-trace361571968", this, "Click to show all stack frames", "Click to hide stack frames")'>Click to show all stack frames</a>
<div class='stack-trace' id='stack-trace361571968'><pre>java.lang.AssertionError: Invalid result of ctg operation! expected [-0.29581291553] but found [0.9999092042625951]
	at org.testng.Assert.fail(Assert.java:111)
	at org.testng.Assert.failNotEquals(Assert.java:1590)
	at org.testng.Assert.assertEquals(Assert.java:728)
	at org.example.TestClass.CotangentTest.ctgTest(CotangentTest.java:12)
	at java.base/jdk.internal.reflect.DirectMethodHandleAccessor.invoke(DirectMethodHandleAccessor.java:103)
	at java.base/java.lang.reflect.Method.invoke(Method.java:580)
	at org.testng.internal.invokers.MethodInvocationHelper.invokeMethod(MethodInvocationHelper.java:141)
	at org.testng.internal.invokers.TestInvoker.invokeMethod(TestInvoker.java:687)
	at org.testng.internal.invokers.TestInvoker.invokeTestMethod(TestInvoker.java:230)
	at org.testng.internal.invokers.MethodRunner.runInSequence(MethodRunner.java:63)
	at org.testng.internal.invokers.TestInvoker$MethodInvocationAgent.invoke(TestInvoker.java:995)
	at org.testng.internal.invokers.TestInvoker.invokeTestMethods(TestInvoker.java:203)
	at org.testng.internal.invokers.TestMethodWorker.invokeTestMethods(TestMethodWorker.java:154)
	at org.testng.internal.invokers.TestMethodWorker.run(TestMethodWorker.java:134)
	at java.base/java.util.ArrayList.forEach(ArrayList.java:1597)
	at org.testng.TestRunner.privateRun(TestRunner.java:741)
	at org.testng.TestRunner.run(TestRunner.java:616)
	at org.testng.SuiteRunner.runTest(SuiteRunner.java:421)
	at org.testng.SuiteRunner.runSequentially(SuiteRunner.java:413)
	at org.testng.SuiteRunner.privateRun(SuiteRunner.java:373)
	at org.testng.SuiteRunner.run(SuiteRunner.java:312)
	at org.testng.SuiteRunnerWorker.runSuite(SuiteRunnerWorker.java:52)
	at org.testng.SuiteRunnerWorker.run(SuiteRunnerWorker.java:95)
	at org.testng.TestNG.runSuitesSequentially(TestNG.java:1274)
	at org.testng.TestNG.runSuitesSequentially(TestNG.java:1269)
	at org.testng.TestNG.runSuitesLocally(TestNG.java:1208)
	at org.testng.TestNG.runSuites(TestNG.java:1112)
	at org.testng.TestNG.run(TestNG.java:1079)
	at org.example.Runner.main(Runner.java:25)
</pre></div></td>
<td>0</td>
<td>org.example.TestClass.CotangentTest@6b4a4e18</td></tr>
<tr>
<td title='org.example.TestClass.IsPositiveTest.isPositiveTest()'><b>isPositiveTest</b><br>Test class: org.example.TestClass.IsPositiveTest<br>Parameters: -1</td>
<td><div><pre>java.lang.AssertionError: Invalid result of isPositive operation! expected [true] but found [false]
	at org.example.TestClass.IsPositiveTest.isPositiveTest(IsPositiveTest.java:12)
	at java.base/java.util.ArrayList.forEach(ArrayList.java:1597)
	at org.example.Runner.main(Runner.java:25)
... Removed 26 stack frames</pre></div><a href='#' onClick='toggleBox("stack-trace1793799654", this, "Click to show all stack frames", "Click to hide stack frames")'>Click to show all stack frames</a>
<div class='stack-trace' id='stack-trace1793799654'><pre>java.lang.AssertionError: Invalid result of isPositive operation! expected [true] but found [false]
	at org.testng.Assert.fail(Assert.java:111)
	at org.testng.Assert.failNotEquals(Assert.java:1590)
	at org.testng.Assert.assertTrue(Assert.java:57)
	at org.example.TestClass.IsPositiveTest.isPositiveTest(IsPositiveTest.java:12)
	at java.base/jdk.internal.reflect.DirectMethodHandleAccessor.invoke(DirectMethodHandleAccessor.java:103)
	at java.base/java.lang.reflect.Method.invoke(Method.java:580)
	at org.testng.internal.invokers.MethodInvocationHelper.invokeMethod(MethodInvocationHelper.java:141)
	at org.testng.internal.invokers.TestInvoker.invokeMethod(TestInvoker.java:687)
	at org.testng.internal.invokers.TestInvoker.invokeTestMethod(TestInvoker.java:230)
	at org.testng.internal.invokers.MethodRunner.runInSequence(MethodRunner.java:63)
	at org.testng.internal.invokers.TestInvoker$MethodInvocationAgent.invoke(TestInvoker.java:995)
	at org.testng.internal.invokers.TestInvoker.invokeTestMethods(TestInvoker.java:203)
	at org.testng.internal.invokers.TestMethodWorker.invokeTestMethods(TestMethodWorker.java:154)
	at org.testng.internal.invokers.TestMethodWorker.run(TestMethodWorker.java:134)
	at java.base/java.util.ArrayList.forEach(ArrayList.java:1597)
	at org.testng.TestRunner.privateRun(TestRunner.java:741)
	at org.testng.TestRunner.run(TestRunner.java:616)
	at org.testng.SuiteRunner.runTest(SuiteRunner.java:421)
	at org.testng.SuiteRunner.runSequentially(SuiteRunner.java:413)
	at org.testng.SuiteRunner.privateRun(SuiteRunner.java:373)
	at org.testng.SuiteRunner.run(SuiteRunner.java:312)
	at org.testng.SuiteRunnerWorker.runSuite(SuiteRunnerWorker.java:52)
	at org.testng.SuiteRunnerWorker.run(SuiteRunnerWorker.java:95)
	at org.testng.TestNG.runSuitesSequentially(TestNG.java:1274)
	at org.testng.TestNG.runSuitesSequentially(TestNG.java:1269)
	at org.testng.TestNG.runSuitesLocally(TestNG.java:1208)
	at org.testng.TestNG.runSuites(TestNG.java:1112)
	at org.testng.TestNG.run(TestNG.java:1079)
	at org.example.Runner.main(Runner.java:25)
</pre></div></td>
<td>0</td>
<td>org.example.TestClass.IsPositiveTest@402e37bc</td></tr>
<tr>
<td title='org.example.TestClass.CosineTest.cosTest()'><b>cosTest</b><br>Test class: org.example.TestClass.CosineTest<br>Parameters: 0, 1</td>
<td><div><pre>java.lang.AssertionError: Invalid result of cos operation! expected [1.0] but found [0.0]
	at org.example.TestClass.CosineTest.cosTest(CosineTest.java:12)
	at java.base/java.util.ArrayList.forEach(ArrayList.java:1597)
	at org.example.Runner.main(Runner.java:25)
... Removed 26 stack frames</pre></div><a href='#' onClick='toggleBox("stack-trace982757413", this, "Click to show all stack frames", "Click to hide stack frames")'>Click to show all stack frames</a>
<div class='stack-trace' id='stack-trace982757413'><pre>java.lang.AssertionError: Invalid result of cos operation! expected [1.0] but found [0.0]
	at org.testng.Assert.fail(Assert.java:111)
	at org.testng.Assert.failNotEquals(Assert.java:1590)
	at org.testng.Assert.assertEquals(Assert.java:728)
	at org.example.TestClass.CosineTest.cosTest(CosineTest.java:12)
	at java.base/jdk.internal.reflect.DirectMethodHandleAccessor.invoke(DirectMethodHandleAccessor.java:103)
	at java.base/java.lang.reflect.Method.invoke(Method.java:580)
	at org.testng.internal.invokers.MethodInvocationHelper.invokeMethod(MethodInvocationHelper.java:141)
	at org.testng.internal.invokers.TestInvoker.invokeMethod(TestInvoker.java:687)
	at org.testng.internal.invokers.TestInvoker.invokeTestMethod(TestInvoker.java:230)
	at org.testng.internal.invokers.MethodRunner.runInSequence(MethodRunner.java:63)
	at org.testng.internal.invokers.TestInvoker$MethodInvocationAgent.invoke(TestInvoker.java:995)
	at org.testng.internal.invokers.TestInvoker.invokeTestMethods(TestInvoker.java:203)
	at org.testng.internal.invokers.TestMethodWorker.invokeTestMethods(TestMethodWorker.java:154)
	at org.testng.internal.invokers.TestMethodWorker.run(TestMethodWorker.java:134)
	at java.base/java.util.ArrayList.forEach(ArrayList.java:1597)
	at org.testng.TestRunner.privateRun(TestRunner.java:741)
	at org.testng.TestRunner.run(TestRunner.java:616)
	at org.testng.SuiteRunner.runTest(SuiteRunner.java:421)
	at org.testng.SuiteRunner.runSequentially(SuiteRunner.java:413)
	at org.testng.SuiteRunner.privateRun(SuiteRunner.java:373)
	at org.testng.SuiteRunner.run(SuiteRunner.java:312)
	at org.testng.SuiteRunnerWorker.runSuite(SuiteRunnerWorker.java:52)
	at org.testng.SuiteRunnerWorker.run(SuiteRunnerWorker.java:95)
	at org.testng.TestNG.runSuitesSequentially(TestNG.java:1274)
	at org.testng.TestNG.runSuitesSequentially(TestNG.java:1269)
	at org.testng.TestNG.runSuitesLocally(TestNG.java:1208)
	at org.testng.TestNG.runSuites(TestNG.java:1112)
	at org.testng.TestNG.run(TestNG.java:1079)
	at org.example.Runner.main(Runner.java:25)
</pre></div></td>
<td>0</td>
<td>org.example.TestClass.CosineTest@78b729e6</td></tr>
<tr>
<td title='org.example.TestClass.TangentTest.sinTest()'><b>sinTest</b><br>Test class: org.example.TestClass.TangentTest<br>Parameters: 5, -3.38051500625</td>
<td><div><pre>java.lang.AssertionError: Invalid result of tan operation! expected [-3.38051500625] but found [1.0]
	at org.example.TestClass.TangentTest.sinTest(TangentTest.java:12)
	at java.base/java.util.ArrayList.forEach(ArrayList.java:1597)
	at org.example.Runner.main(Runner.java:25)
... Removed 26 stack frames</pre></div><a href='#' onClick='toggleBox("stack-trace1047087935", this, "Click to show all stack frames", "Click to hide stack frames")'>Click to show all stack frames</a>
<div class='stack-trace' id='stack-trace1047087935'><pre>java.lang.AssertionError: Invalid result of tan operation! expected [-3.38051500625] but found [1.0]
	at org.testng.Assert.fail(Assert.java:111)
	at org.testng.Assert.failNotEquals(Assert.java:1590)
	at org.testng.Assert.assertEquals(Assert.java:728)
	at org.example.TestClass.TangentTest.sinTest(TangentTest.java:12)
	at java.base/jdk.internal.reflect.DirectMethodHandleAccessor.invoke(DirectMethodHandleAccessor.java:103)
	at java.base/java.lang.reflect.Method.invoke(Method.java:580)
	at org.testng.internal.invokers.MethodInvocationHelper.invokeMethod(MethodInvocationHelper.java:141)
	at org.testng.internal.invokers.TestInvoker.invokeMethod(TestInvoker.java:687)
	at org.testng.internal.invokers.TestInvoker.invokeTestMethod(TestInvoker.java:230)
	at org.testng.internal.invokers.MethodRunner.runInSequence(MethodRunner.java:63)
	at org.testng.internal.invokers.TestInvoker$MethodInvocationAgent.invoke(TestInvoker.java:995)
	at org.testng.internal.invokers.TestInvoker.invokeTestMethods(TestInvoker.java:203)
	at org.testng.internal.invokers.TestMethodWorker.invokeTestMethods(TestMethodWorker.java:154)
	at org.testng.internal.invokers.TestMethodWorker.run(TestMethodWorker.java:134)
	at java.base/java.util.ArrayList.forEach(ArrayList.java:1597)
	at org.testng.TestRunner.privateRun(TestRunner.java:741)
	at org.testng.TestRunner.run(TestRunner.java:616)
	at org.testng.SuiteRunner.runTest(SuiteRunner.java:421)
	at org.testng.SuiteRunner.runSequentially(SuiteRunner.java:413)
	at org.testng.SuiteRunner.privateRun(SuiteRunner.java:373)
	at org.testng.SuiteRunner.run(SuiteRunner.java:312)
	at org.testng.SuiteRunnerWorker.runSuite(SuiteRunnerWorker.java:52)
	at org.testng.SuiteRunnerWorker.run(SuiteRunnerWorker.java:95)
	at org.testng.TestNG.runSuitesSequentially(TestNG.java:1274)
	at org.testng.TestNG.runSuitesSequentially(TestNG.java:1269)
	at org.testng.TestNG.runSuitesLocally(TestNG.java:1208)
	at org.testng.TestNG.runSuites(TestNG.java:1112)
	at org.testng.TestNG.run(TestNG.java:1079)
	at org.example.Runner.main(Runner.java:25)
</pre></div></td>
<td>0</td>
<td>org.example.TestClass.TangentTest@6293abcc</td></tr>
<tr>
<td title='org.example.TestClass.TangentTest.sinTest()'><b>sinTest</b><br>Test class: org.example.TestClass.TangentTest<br>Parameters: 100, -0.58721391515</td>
<td><div><pre>java.lang.AssertionError: Invalid result of tan operation! expected [-0.58721391515] but found [1.0]
	at org.example.TestClass.TangentTest.sinTest(TangentTest.java:12)
	at java.base/java.util.ArrayList.forEach(ArrayList.java:1597)
	at org.example.Runner.main(Runner.java:25)
... Removed 26 stack frames</pre></div><a href='#' onClick='toggleBox("stack-trace464887938", this, "Click to show all stack frames", "Click to hide stack frames")'>Click to show all stack frames</a>
<div class='stack-trace' id='stack-trace464887938'><pre>java.lang.AssertionError: Invalid result of tan operation! expected [-0.58721391515] but found [1.0]
	at org.testng.Assert.fail(Assert.java:111)
	at org.testng.Assert.failNotEquals(Assert.java:1590)
	at org.testng.Assert.assertEquals(Assert.java:728)
	at org.example.TestClass.TangentTest.sinTest(TangentTest.java:12)
	at java.base/jdk.internal.reflect.DirectMethodHandleAccessor.invoke(DirectMethodHandleAccessor.java:103)
	at java.base/java.lang.reflect.Method.invoke(Method.java:580)
	at org.testng.internal.invokers.MethodInvocationHelper.invokeMethod(MethodInvocationHelper.java:141)
	at org.testng.internal.invokers.TestInvoker.invokeMethod(TestInvoker.java:687)
	at org.testng.internal.invokers.TestInvoker.invokeTestMethod(TestInvoker.java:230)
	at org.testng.internal.invokers.MethodRunner.runInSequence(MethodRunner.java:63)
	at org.testng.internal.invokers.TestInvoker$MethodInvocationAgent.invoke(TestInvoker.java:995)
	at org.testng.internal.invokers.TestInvoker.invokeTestMethods(TestInvoker.java:203)
	at org.testng.internal.invokers.TestMethodWorker.invokeTestMethods(TestMethodWorker.java:154)
	at org.testng.internal.invokers.TestMethodWorker.run(TestMethodWorker.java:134)
	at java.base/java.util.ArrayList.forEach(ArrayList.java:1597)
	at org.testng.TestRunner.privateRun(TestRunner.java:741)
	at org.testng.TestRunner.run(TestRunner.java:616)
	at org.testng.SuiteRunner.runTest(SuiteRunner.java:421)
	at org.testng.SuiteRunner.runSequentially(SuiteRunner.java:413)
	at org.testng.SuiteRunner.privateRun(SuiteRunner.java:373)
	at org.testng.SuiteRunner.run(SuiteRunner.java:312)
	at org.testng.SuiteRunnerWorker.runSuite(SuiteRunnerWorker.java:52)
	at org.testng.SuiteRunnerWorker.run(SuiteRunnerWorker.java:95)
	at org.testng.TestNG.runSuitesSequentially(TestNG.java:1274)
	at org.testng.TestNG.runSuitesSequentially(TestNG.java:1269)
	at org.testng.TestNG.runSuitesLocally(TestNG.java:1208)
	at org.testng.TestNG.runSuites(TestNG.java:1112)
	at org.testng.TestNG.run(TestNG.java:1079)
	at org.example.Runner.main(Runner.java:25)
</pre></div></td>
<td>0</td>
<td>org.example.TestClass.TangentTest@6293abcc</td></tr>
<tr>
<td title='org.example.TestClass.IsNegativeTest.isNegativeTest()'><b>isNegativeTest</b><br>Test class: org.example.TestClass.IsNegativeTest<br>Parameters: 0</td>
<td><div><pre>java.lang.AssertionError: Invalid result of isNegative operation! expected [true] but found [false]
	at org.example.TestClass.IsNegativeTest.isNegativeTest(IsNegativeTest.java:12)
	at java.base/java.util.ArrayList.forEach(ArrayList.java:1597)
	at org.example.Runner.main(Runner.java:25)
... Removed 26 stack frames</pre></div><a href='#' onClick='toggleBox("stack-trace1427651360", this, "Click to show all stack frames", "Click to hide stack frames")'>Click to show all stack frames</a>
<div class='stack-trace' id='stack-trace1427651360'><pre>java.lang.AssertionError: Invalid result of isNegative operation! expected [true] but found [false]
	at org.testng.Assert.fail(Assert.java:111)
	at org.testng.Assert.failNotEquals(Assert.java:1590)
	at org.testng.Assert.assertTrue(Assert.java:57)
	at org.example.TestClass.IsNegativeTest.isNegativeTest(IsNegativeTest.java:12)
	at java.base/jdk.internal.reflect.DirectMethodHandleAccessor.invoke(DirectMethodHandleAccessor.java:103)
	at java.base/java.lang.reflect.Method.invoke(Method.java:580)
	at org.testng.internal.invokers.MethodInvocationHelper.invokeMethod(MethodInvocationHelper.java:141)
	at org.testng.internal.invokers.TestInvoker.invokeMethod(TestInvoker.java:687)
	at org.testng.internal.invokers.TestInvoker.invokeTestMethod(TestInvoker.java:230)
	at org.testng.internal.invokers.MethodRunner.runInSequence(MethodRunner.java:63)
	at org.testng.internal.invokers.TestInvoker$MethodInvocationAgent.invoke(TestInvoker.java:995)
	at org.testng.internal.invokers.TestInvoker.invokeTestMethods(TestInvoker.java:203)
	at org.testng.internal.invokers.TestMethodWorker.invokeTestMethods(TestMethodWorker.java:154)
	at org.testng.internal.invokers.TestMethodWorker.run(TestMethodWorker.java:134)
	at java.base/java.util.ArrayList.forEach(ArrayList.java:1597)
	at org.testng.TestRunner.privateRun(TestRunner.java:741)
	at org.testng.TestRunner.run(TestRunner.java:616)
	at org.testng.SuiteRunner.runTest(SuiteRunner.java:421)
	at org.testng.SuiteRunner.runSequentially(SuiteRunner.java:413)
	at org.testng.SuiteRunner.privateRun(SuiteRunner.java:373)
	at org.testng.SuiteRunner.run(SuiteRunner.java:312)
	at org.testng.SuiteRunnerWorker.runSuite(SuiteRunnerWorker.java:52)
	at org.testng.SuiteRunnerWorker.run(SuiteRunnerWorker.java:95)
	at org.testng.TestNG.runSuitesSequentially(TestNG.java:1274)
	at org.testng.TestNG.runSuitesSequentially(TestNG.java:1269)
	at org.testng.TestNG.runSuitesLocally(TestNG.java:1208)
	at org.testng.TestNG.runSuites(TestNG.java:1112)
	at org.testng.TestNG.run(TestNG.java:1079)
	at org.example.Runner.main(Runner.java:25)
</pre></div></td>
<td>0</td>
<td>org.example.TestClass.IsNegativeTest@197d671</td></tr>
<tr>
<td title='org.example.TestClass.DivisionTest.divTest()'><b>divTest</b><br>Test class: org.example.TestClass.DivisionTest<br>Parameters: 5, 0, 0</td>
<td><div><pre>java.lang.AssertionError: Invalid result of div operation! expected [0.0] but found [Infinity]
	at org.example.TestClass.DivisionTest.divTest(DivisionTest.java:12)
	at java.base/java.util.ArrayList.forEach(ArrayList.java:1597)
	at org.example.Runner.main(Runner.java:25)
... Removed 26 stack frames</pre></div><a href='#' onClick='toggleBox("stack-trace1617550160", this, "Click to show all stack frames", "Click to hide stack frames")'>Click to show all stack frames</a>
<div class='stack-trace' id='stack-trace1617550160'><pre>java.lang.AssertionError: Invalid result of div operation! expected [0.0] but found [Infinity]
	at org.testng.Assert.fail(Assert.java:111)
	at org.testng.Assert.failNotEquals(Assert.java:1590)
	at org.testng.Assert.assertEquals(Assert.java:728)
	at org.example.TestClass.DivisionTest.divTest(DivisionTest.java:12)
	at java.base/jdk.internal.reflect.DirectMethodHandleAccessor.invoke(DirectMethodHandleAccessor.java:103)
	at java.base/java.lang.reflect.Method.invoke(Method.java:580)
	at org.testng.internal.invokers.MethodInvocationHelper.invokeMethod(MethodInvocationHelper.java:141)
	at org.testng.internal.invokers.TestInvoker.invokeMethod(TestInvoker.java:687)
	at org.testng.internal.invokers.TestInvoker.invokeTestMethod(TestInvoker.java:230)
	at org.testng.internal.invokers.MethodRunner.runInSequence(MethodRunner.java:63)
	at org.testng.internal.invokers.TestInvoker$MethodInvocationAgent.invoke(TestInvoker.java:995)
	at org.testng.internal.invokers.TestInvoker.invokeTestMethods(TestInvoker.java:203)
	at org.testng.internal.invokers.TestMethodWorker.invokeTestMethods(TestMethodWorker.java:154)
	at org.testng.internal.invokers.TestMethodWorker.run(TestMethodWorker.java:134)
	at java.base/java.util.ArrayList.forEach(ArrayList.java:1597)
	at org.testng.TestRunner.privateRun(TestRunner.java:741)
	at org.testng.TestRunner.run(TestRunner.java:616)
	at org.testng.SuiteRunner.runTest(SuiteRunner.java:421)
	at org.testng.SuiteRunner.runSequentially(SuiteRunner.java:413)
	at org.testng.SuiteRunner.privateRun(SuiteRunner.java:373)
	at org.testng.SuiteRunner.run(SuiteRunner.java:312)
	at org.testng.SuiteRunnerWorker.runSuite(SuiteRunnerWorker.java:52)
	at org.testng.SuiteRunnerWorker.run(SuiteRunnerWorker.java:95)
	at org.testng.TestNG.runSuitesSequentially(TestNG.java:1274)
	at org.testng.TestNG.runSuitesSequentially(TestNG.java:1269)
	at org.testng.TestNG.runSuitesLocally(TestNG.java:1208)
	at org.testng.TestNG.runSuites(TestNG.java:1112)
	at org.testng.TestNG.run(TestNG.java:1079)
	at org.example.Runner.main(Runner.java:25)
</pre></div></td>
<td>0</td>
<td>org.example.TestClass.DivisionTest@27c86f2d</td></tr>
<tr>
<td title='org.example.TestClass.TangentTest.sinTest()'><b>sinTest</b><br>Test class: org.example.TestClass.TangentTest<br>Parameters: -3, 0.14254654307</td>
<td><div><pre>java.lang.AssertionError: Invalid result of tan operation! expected [0.14254654307] but found [1.0]
	at org.example.TestClass.TangentTest.sinTest(TangentTest.java:12)
	at java.base/java.util.ArrayList.forEach(ArrayList.java:1597)
	at org.example.Runner.main(Runner.java:25)
... Removed 26 stack frames</pre></div><a href='#' onClick='toggleBox("stack-trace1104443373", this, "Click to show all stack frames", "Click to hide stack frames")'>Click to show all stack frames</a>
<div class='stack-trace' id='stack-trace1104443373'><pre>java.lang.AssertionError: Invalid result of tan operation! expected [0.14254654307] but found [1.0]
	at org.testng.Assert.fail(Assert.java:111)
	at org.testng.Assert.failNotEquals(Assert.java:1590)
	at org.testng.Assert.assertEquals(Assert.java:728)
	at org.example.TestClass.TangentTest.sinTest(TangentTest.java:12)
	at java.base/jdk.internal.reflect.DirectMethodHandleAccessor.invoke(DirectMethodHandleAccessor.java:103)
	at java.base/java.lang.reflect.Method.invoke(Method.java:580)
	at org.testng.internal.invokers.MethodInvocationHelper.invokeMethod(MethodInvocationHelper.java:141)
	at org.testng.internal.invokers.TestInvoker.invokeMethod(TestInvoker.java:687)
	at org.testng.internal.invokers.TestInvoker.invokeTestMethod(TestInvoker.java:230)
	at org.testng.internal.invokers.MethodRunner.runInSequence(MethodRunner.java:63)
	at org.testng.internal.invokers.TestInvoker$MethodInvocationAgent.invoke(TestInvoker.java:995)
	at org.testng.internal.invokers.TestInvoker.invokeTestMethods(TestInvoker.java:203)
	at org.testng.internal.invokers.TestMethodWorker.invokeTestMethods(TestMethodWorker.java:154)
	at org.testng.internal.invokers.TestMethodWorker.run(TestMethodWorker.java:134)
	at java.base/java.util.ArrayList.forEach(ArrayList.java:1597)
	at org.testng.TestRunner.privateRun(TestRunner.java:741)
	at org.testng.TestRunner.run(TestRunner.java:616)
	at org.testng.SuiteRunner.runTest(SuiteRunner.java:421)
	at org.testng.SuiteRunner.runSequentially(SuiteRunner.java:413)
	at org.testng.SuiteRunner.privateRun(SuiteRunner.java:373)
	at org.testng.SuiteRunner.run(SuiteRunner.java:312)
	at org.testng.SuiteRunnerWorker.runSuite(SuiteRunnerWorker.java:52)
	at org.testng.SuiteRunnerWorker.run(SuiteRunnerWorker.java:95)
	at org.testng.TestNG.runSuitesSequentially(TestNG.java:1274)
	at org.testng.TestNG.runSuitesSequentially(TestNG.java:1269)
	at org.testng.TestNG.runSuitesLocally(TestNG.java:1208)
	at org.testng.TestNG.runSuites(TestNG.java:1112)
	at org.testng.TestNG.run(TestNG.java:1079)
	at org.example.Runner.main(Runner.java:25)
</pre></div></td>
<td>0</td>
<td>org.example.TestClass.TangentTest@6293abcc</td></tr>
<tr>
<td title='org.example.TestClass.SinusTest.sinTest()'><b>sinTest</b><br>Test class: org.example.TestClass.SinusTest<br>Parameters: -3, 1</td>
<td><div><pre>java.lang.AssertionError: Invalid result of sin operation! expected [1.0] but found [-0.1411200080598672]
	at org.example.TestClass.SinusTest.sinTest(SinusTest.java:12)
	at java.base/java.util.ArrayList.forEach(ArrayList.java:1597)
	at org.example.Runner.main(Runner.java:25)
... Removed 26 stack frames</pre></div><a href='#' onClick='toggleBox("stack-trace1168019749", this, "Click to show all stack frames", "Click to hide stack frames")'>Click to show all stack frames</a>
<div class='stack-trace' id='stack-trace1168019749'><pre>java.lang.AssertionError: Invalid result of sin operation! expected [1.0] but found [-0.1411200080598672]
	at org.testng.Assert.fail(Assert.java:111)
	at org.testng.Assert.failNotEquals(Assert.java:1590)
	at org.testng.Assert.assertEquals(Assert.java:728)
	at org.example.TestClass.SinusTest.sinTest(SinusTest.java:12)
	at java.base/jdk.internal.reflect.DirectMethodHandleAccessor.invoke(DirectMethodHandleAccessor.java:103)
	at java.base/java.lang.reflect.Method.invoke(Method.java:580)
	at org.testng.internal.invokers.MethodInvocationHelper.invokeMethod(MethodInvocationHelper.java:141)
	at org.testng.internal.invokers.TestInvoker.invokeMethod(TestInvoker.java:687)
	at org.testng.internal.invokers.TestInvoker.invokeTestMethod(TestInvoker.java:230)
	at org.testng.internal.invokers.MethodRunner.runInSequence(MethodRunner.java:63)
	at org.testng.internal.invokers.TestInvoker$MethodInvocationAgent.invoke(TestInvoker.java:995)
	at org.testng.internal.invokers.TestInvoker.invokeTestMethods(TestInvoker.java:203)
	at org.testng.internal.invokers.TestMethodWorker.invokeTestMethods(TestMethodWorker.java:154)
	at org.testng.internal.invokers.TestMethodWorker.run(TestMethodWorker.java:134)
	at java.base/java.util.ArrayList.forEach(ArrayList.java:1597)
	at org.testng.TestRunner.privateRun(TestRunner.java:741)
	at org.testng.TestRunner.run(TestRunner.java:616)
	at org.testng.SuiteRunner.runTest(SuiteRunner.java:421)
	at org.testng.SuiteRunner.runSequentially(SuiteRunner.java:413)
	at org.testng.SuiteRunner.privateRun(SuiteRunner.java:373)
	at org.testng.SuiteRunner.run(SuiteRunner.java:312)
	at org.testng.SuiteRunnerWorker.runSuite(SuiteRunnerWorker.java:52)
	at org.testng.SuiteRunnerWorker.run(SuiteRunnerWorker.java:95)
	at org.testng.TestNG.runSuitesSequentially(TestNG.java:1274)
	at org.testng.TestNG.runSuitesSequentially(TestNG.java:1269)
	at org.testng.TestNG.runSuitesLocally(TestNG.java:1208)
	at org.testng.TestNG.runSuites(TestNG.java:1112)
	at org.testng.TestNG.run(TestNG.java:1079)
	at org.example.Runner.main(Runner.java:25)
</pre></div></td>
<td>0</td>
<td>org.example.TestClass.SinusTest@22635ba0</td></tr>
<tr>
<td title='org.example.TestClass.CotangentTest.ctgTest()'><b>ctgTest</b><br>Test class: org.example.TestClass.CotangentTest<br>Parameters: 100, -1.70295691943</td>
<td><div><pre>java.lang.AssertionError: Invalid result of ctg operation! expected [-1.70295691943] but found [1.0]
	at org.example.TestClass.CotangentTest.ctgTest(CotangentTest.java:12)
	at java.base/java.util.ArrayList.forEach(ArrayList.java:1597)
	at org.example.Runner.main(Runner.java:25)
... Removed 26 stack frames</pre></div><a href='#' onClick='toggleBox("stack-trace2005169944", this, "Click to show all stack frames", "Click to hide stack frames")'>Click to show all stack frames</a>
<div class='stack-trace' id='stack-trace2005169944'><pre>java.lang.AssertionError: Invalid result of ctg operation! expected [-1.70295691943] but found [1.0]
	at org.testng.Assert.fail(Assert.java:111)
	at org.testng.Assert.failNotEquals(Assert.java:1590)
	at org.testng.Assert.assertEquals(Assert.java:728)
	at org.example.TestClass.CotangentTest.ctgTest(CotangentTest.java:12)
	at java.base/jdk.internal.reflect.DirectMethodHandleAccessor.invoke(DirectMethodHandleAccessor.java:103)
	at java.base/java.lang.reflect.Method.invoke(Method.java:580)
	at org.testng.internal.invokers.MethodInvocationHelper.invokeMethod(MethodInvocationHelper.java:141)
	at org.testng.internal.invokers.TestInvoker.invokeMethod(TestInvoker.java:687)
	at org.testng.internal.invokers.TestInvoker.invokeTestMethod(TestInvoker.java:230)
	at org.testng.internal.invokers.MethodRunner.runInSequence(MethodRunner.java:63)
	at org.testng.internal.invokers.TestInvoker$MethodInvocationAgent.invoke(TestInvoker.java:995)
	at org.testng.internal.invokers.TestInvoker.invokeTestMethods(TestInvoker.java:203)
	at org.testng.internal.invokers.TestMethodWorker.invokeTestMethods(TestMethodWorker.java:154)
	at org.testng.internal.invokers.TestMethodWorker.run(TestMethodWorker.java:134)
	at java.base/java.util.ArrayList.forEach(ArrayList.java:1597)
	at org.testng.TestRunner.privateRun(TestRunner.java:741)
	at org.testng.TestRunner.run(TestRunner.java:616)
	at org.testng.SuiteRunner.runTest(SuiteRunner.java:421)
	at org.testng.SuiteRunner.runSequentially(SuiteRunner.java:413)
	at org.testng.SuiteRunner.privateRun(SuiteRunner.java:373)
	at org.testng.SuiteRunner.run(SuiteRunner.java:312)
	at org.testng.SuiteRunnerWorker.runSuite(SuiteRunnerWorker.java:52)
	at org.testng.SuiteRunnerWorker.run(SuiteRunnerWorker.java:95)
	at org.testng.TestNG.runSuitesSequentially(TestNG.java:1274)
	at org.testng.TestNG.runSuitesSequentially(TestNG.java:1269)
	at org.testng.TestNG.runSuitesLocally(TestNG.java:1208)
	at org.testng.TestNG.runSuites(TestNG.java:1112)
	at org.testng.TestNG.run(TestNG.java:1079)
	at org.example.Runner.main(Runner.java:25)
</pre></div></td>
<td>0</td>
<td>org.example.TestClass.CotangentTest@6b4a4e18</td></tr>
<tr>
<td title='org.example.TestClass.CosineTest.cosTest()'><b>cosTest</b><br>Test class: org.example.TestClass.CosineTest<br>Parameters: 5, 0.28366218546</td>
<td><div><pre>java.lang.AssertionError: Invalid result of cos operation! expected [0.28366218546] but found [-0.9589242746631385]
	at org.example.TestClass.CosineTest.cosTest(CosineTest.java:12)
	at java.base/java.util.ArrayList.forEach(ArrayList.java:1597)
	at org.example.Runner.main(Runner.java:25)
... Removed 26 stack frames</pre></div><a href='#' onClick='toggleBox("stack-trace1199673596", this, "Click to show all stack frames", "Click to hide stack frames")'>Click to show all stack frames</a>
<div class='stack-trace' id='stack-trace1199673596'><pre>java.lang.AssertionError: Invalid result of cos operation! expected [0.28366218546] but found [-0.9589242746631385]
	at org.testng.Assert.fail(Assert.java:111)
	at org.testng.Assert.failNotEquals(Assert.java:1590)
	at org.testng.Assert.assertEquals(Assert.java:728)
	at org.example.TestClass.CosineTest.cosTest(CosineTest.java:12)
	at java.base/jdk.internal.reflect.DirectMethodHandleAccessor.invoke(DirectMethodHandleAccessor.java:103)
	at java.base/java.lang.reflect.Method.invoke(Method.java:580)
	at org.testng.internal.invokers.MethodInvocationHelper.invokeMethod(MethodInvocationHelper.java:141)
	at org.testng.internal.invokers.TestInvoker.invokeMethod(TestInvoker.java:687)
	at org.testng.internal.invokers.TestInvoker.invokeTestMethod(TestInvoker.java:230)
	at org.testng.internal.invokers.MethodRunner.runInSequence(MethodRunner.java:63)
	at org.testng.internal.invokers.TestInvoker$MethodInvocationAgent.invoke(TestInvoker.java:995)
	at org.testng.internal.invokers.TestInvoker.invokeTestMethods(TestInvoker.java:203)
	at org.testng.internal.invokers.TestMethodWorker.invokeTestMethods(TestMethodWorker.java:154)
	at org.testng.internal.invokers.TestMethodWorker.run(TestMethodWorker.java:134)
	at java.base/java.util.ArrayList.forEach(ArrayList.java:1597)
	at org.testng.TestRunner.privateRun(TestRunner.java:741)
	at org.testng.TestRunner.run(TestRunner.java:616)
	at org.testng.SuiteRunner.runTest(SuiteRunner.java:421)
	at org.testng.SuiteRunner.runSequentially(SuiteRunner.java:413)
	at org.testng.SuiteRunner.privateRun(SuiteRunner.java:373)
	at org.testng.SuiteRunner.run(SuiteRunner.java:312)
	at org.testng.SuiteRunnerWorker.runSuite(SuiteRunnerWorker.java:52)
	at org.testng.SuiteRunnerWorker.run(SuiteRunnerWorker.java:95)
	at org.testng.TestNG.runSuitesSequentially(TestNG.java:1274)
	at org.testng.TestNG.runSuitesSequentially(TestNG.java:1269)
	at org.testng.TestNG.runSuitesLocally(TestNG.java:1208)
	at org.testng.TestNG.runSuites(TestNG.java:1112)
	at org.testng.TestNG.run(TestNG.java:1079)
	at org.example.Runner.main(Runner.java:25)
</pre></div></td>
<td>0</td>
<td>org.example.TestClass.CosineTest@78b729e6</td></tr>
</table><p>
<table width='100%' border='1' class='invocation-passed'>
<tr><td colspan='4' align='center'><b>PASSED TESTS</b></td></tr>
<tr><td><b>Test method</b></td>
<td><b>Attribute(s)</b></td>
<td width="30%"><b>Exception</b></td>
<td width="10%"><b>Time (seconds)</b></td>
<td><b>Instance</b></td>
</tr>
<tr>
<td title='org.example.TestClass.DivisionTest.divTest()'><b>divTest</b><br>Test class: org.example.TestClass.DivisionTest<br>Parameters: -5, -3, 1.6666666666666667</td>
<td></td>
<td>0</td>
<td>org.example.TestClass.DivisionTest@27c86f2d</td></tr>
<tr>
<td title='org.example.TestClass.CotangentTest.ctgTest()'><b>ctgTest</b><br>Test class: org.example.TestClass.CotangentTest<br>Parameters: 0, 0</td>
<td></td>
<td>0</td>
<td>org.example.TestClass.CotangentTest@6b4a4e18</td></tr>
<tr>
<td title='org.example.TestClass.PowTest.powTest()'><b>powTest</b><br>Test class: org.example.TestClass.PowTest<br>Parameters: 5, 3, 125</td>
<td></td>
<td>0</td>
<td>org.example.TestClass.PowTest@1df82230</td></tr>
<tr>
<td title='org.example.TestClass.SumTest.sumTest()'><b>sumTest</b><br>Test class: org.example.TestClass.SumTest<br>Parameters: 0, 0, 0</td>
<td></td>
<td>0</td>
<td>org.example.TestClass.SumTest@5a955565</td></tr>
<tr>
<td title='org.example.TestClass.IsPositiveTest.isPositiveTest()'><b>isPositiveTest</b><br>Test class: org.example.TestClass.IsPositiveTest<br>Parameters: 1</td>
<td></td>
<td>0</td>
<td>org.example.TestClass.IsPositiveTest@402e37bc</td></tr>
<tr>
<td title='org.example.TestClass.SquareTest.sqrtTest()'><b>sqrtTest</b><br>Test class: org.example.TestClass.SquareTest<br>Parameters: -5, 2.23606797749979</td>
<td></td>
<td>0</td>
<td>org.example.TestClass.SquareTest@13c10b87</td></tr>
<tr>
<td title='org.example.TestClass.MultiplyTest.multTest()'><b>multTest</b><br>Test class: org.example.TestClass.MultiplyTest<br>Parameters: 5, 2, 10</td>
<td></td>
<td>0</td>
<td>org.example.TestClass.MultiplyTest@79ad8b2f</td></tr>
<tr>
<td title='org.example.TestClass.MultiplyTest.multTest()'><b>multTest</b><br>Test class: org.example.TestClass.MultiplyTest<br>Parameters: -1, 4, -4</td>
<td></td>
<td>0</td>
<td>org.example.TestClass.MultiplyTest@79ad8b2f</td></tr>
<tr>
<td title='org.example.TestClass.SumTest.sumTest()'><b>sumTest</b><br>Test class: org.example.TestClass.SumTest<br>Parameters: 10, 2, 12</td>
<td></td>
<td>0</td>
<td>org.example.TestClass.SumTest@5a955565</td></tr>
<tr>
<td title='org.example.TestClass.SinusTest.sinTest()'><b>sinTest</b><br>Test class: org.example.TestClass.SinusTest<br>Parameters: 100, -0.5063656411097588</td>
<td></td>
<td>0</td>
<td>org.example.TestClass.SinusTest@22635ba0</td></tr>
<tr>
<td title='org.example.TestClass.PowTest.powTest()'><b>powTest</b><br>Test class: org.example.TestClass.PowTest<br>Parameters: 0, 0, 1</td>
<td></td>
<td>0</td>
<td>org.example.TestClass.PowTest@1df82230</td></tr>
<tr>
<td title='org.example.TestClass.SquareTest.sqrtTest()'><b>sqrtTest</b><br>Test class: org.example.TestClass.SquareTest<br>Parameters: 0, 0</td>
<td></td>
<td>0</td>
<td>org.example.TestClass.SquareTest@13c10b87</td></tr>
<tr>
<td title='org.example.TestClass.SubtractionTest.subTest()'><b>subTest</b><br>Test class: org.example.TestClass.SubtractionTest<br>Parameters: -1, 4, -5</td>
<td></td>
<td>0</td>
<td>org.example.TestClass.SubtractionTest@6a01e23</td></tr>
<tr>
<td title='org.example.TestClass.MultiplyTest.multTest()'><b>multTest</b><br>Test class: org.example.TestClass.MultiplyTest<br>Parameters: -5, -4, 20</td>
<td></td>
<td>0</td>
<td>org.example.TestClass.MultiplyTest@79ad8b2f</td></tr>
<tr>
<td title='org.example.TestClass.SquareTest.sqrtTest()'><b>sqrtTest</b><br>Test class: org.example.TestClass.SquareTest<br>Parameters: 100, 10</td>
<td></td>
<td>0</td>
<td>org.example.TestClass.SquareTest@13c10b87</td></tr>
<tr>
<td title='org.example.TestClass.SinusTest.sinTest()'><b>sinTest</b><br>Test class: org.example.TestClass.SinusTest<br>Parameters: 0, 0</td>
<td></td>
<td>0</td>
<td>org.example.TestClass.SinusTest@22635ba0</td></tr>
<tr>
<td title='org.example.TestClass.SubtractionTest.subTest()'><b>subTest</b><br>Test class: org.example.TestClass.SubtractionTest<br>Parameters: 1000000, 5000000, -4000000</td>
<td></td>
<td>0</td>
<td>org.example.TestClass.SubtractionTest@6a01e23</td></tr>
<tr>
<td title='org.example.TestClass.MultiplyTest.multTest()'><b>multTest</b><br>Test class: org.example.TestClass.MultiplyTest<br>Parameters: 0, 0, 0</td>
<td></td>
<td>0</td>
<td>org.example.TestClass.MultiplyTest@79ad8b2f</td></tr>
<tr>
<td title='org.example.TestClass.SumTest.sumTest()'><b>sumTest</b><br>Test class: org.example.TestClass.SumTest<br>Parameters: -5, -3, -8</td>
<td></td>
<td>0</td>
<td>org.example.TestClass.SumTest@5a955565</td></tr>
<tr>
<td title='org.example.TestClass.SquareTest.sqrtTest()'><b>sqrtTest</b><br>Test class: org.example.TestClass.SquareTest<br>Parameters: 5, 2.23606797749979</td>
<td></td>
<td>0</td>
<td>org.example.TestClass.SquareTest@13c10b87</td></tr>
<tr>
<td title='org.example.TestClass.DivisionTest.divTest()'><b>divTest</b><br>Test class: org.example.TestClass.DivisionTest<br>Parameters: 5000000, 1000000, 5</td>
<td></td>
<td>0</td>
<td>org.example.TestClass.DivisionTest@27c86f2d</td></tr>
<tr>
<td title='org.example.TestClass.SubtractionTest.subTest()'><b>subTest</b><br>Test class: org.example.TestClass.SubtractionTest<br>Parameters: -5, -3, -2</td>
<td></td>
<td>0</td>
<td>org.example.TestClass.SubtractionTest@6a01e23</td></tr>
<tr>
<td title='org.example.TestClass.SubtractionTest.subTest()'><b>subTest</b><br>Test class: org.example.TestClass.SubtractionTest<br>Parameters: 2.5, 1.5, 1</td>
<td></td>
<td>0</td>
<td>org.example.TestClass.SubtractionTest@6a01e23</td></tr>
<tr>
<td title='org.example.TestClass.IsNegativeTest.isNegativeTest()'><b>isNegativeTest</b><br>Test class: org.example.TestClass.IsNegativeTest<br>Parameters: -1</td>
<td></td>
<td>0</td>
<td>org.example.TestClass.IsNegativeTest@197d671</td></tr>
<tr>
<td title='org.example.TestClass.SumTest.sumTest()'><b>sumTest</b><br>Test class: org.example.TestClass.SumTest<br>Parameters: 1.5, 2.5, 4</td>
<td></td>
<td>0</td>
<td>org.example.TestClass.SumTest@5a955565</td></tr>
<tr>
<td title='org.example.TestClass.DivisionTest.divTest()'><b>divTest</b><br>Test class: org.example.TestClass.DivisionTest<br>Parameters: 6, 4, 1.5</td>
<td></td>
<td>0</td>
<td>org.example.TestClass.DivisionTest@27c86f2d</td></tr>
<tr>
<td title='org.example.TestClass.MultiplyTest.multTest()'><b>multTest</b><br>Test class: org.example.TestClass.MultiplyTest<br>Parameters: 2.5, 1.5, 3.0</td>
<td></td>
<td>0</td>
<td>org.example.TestClass.MultiplyTest@79ad8b2f</td></tr>
<tr>
<td title='org.example.TestClass.PowTest.powTest()'><b>powTest</b><br>Test class: org.example.TestClass.PowTest<br>Parameters: -5, -3, -0.008</td>
<td></td>
<td>0</td>
<td>org.example.TestClass.PowTest@1df82230</td></tr>
<tr>
<td title='org.example.TestClass.SinusTest.sinTest()'><b>sinTest</b><br>Test class: org.example.TestClass.SinusTest<br>Parameters: 5, -0.9589242746631385</td>
<td></td>
<td>0</td>
<td>org.example.TestClass.SinusTest@22635ba0</td></tr>
<tr>
<td title='org.example.TestClass.SubtractionTest.subTest()'><b>subTest</b><br>Test class: org.example.TestClass.SubtractionTest<br>Parameters: 10, 2, 8</td>
<td></td>
<td>0</td>
<td>org.example.TestClass.SubtractionTest@6a01e23</td></tr>
<tr>
<td title='org.example.TestClass.DivisionTest.divTest()'><b>divTest</b><br>Test class: org.example.TestClass.DivisionTest<br>Parameters: 10, 2, 5</td>
<td></td>
<td>0</td>
<td>org.example.TestClass.DivisionTest@27c86f2d</td></tr>
<tr>
<td title='org.example.TestClass.SubtractionTest.subTest()'><b>subTest</b><br>Test class: org.example.TestClass.SubtractionTest<br>Parameters: 0, 0, 0</td>
<td></td>
<td>0</td>
<td>org.example.TestClass.SubtractionTest@6a01e23</td></tr>
<tr>
<td title='org.example.TestClass.MultiplyTest.multTest()'><b>multTest</b><br>Test class: org.example.TestClass.MultiplyTest<br>Parameters: 1000000, 5, 5000000</td>
<td></td>
<td>0</td>
<td>org.example.TestClass.MultiplyTest@79ad8b2f</td></tr>
<tr>
<td title='org.example.TestClass.PowTest.powTest()'><b>powTest</b><br>Test class: org.example.TestClass.PowTest<br>Parameters: -3, 5, -243</td>
<td></td>
<td>0</td>
<td>org.example.TestClass.PowTest@1df82230</td></tr>
<tr>
<td title='org.example.TestClass.SumTest.sumTest()'><b>sumTest</b><br>Test class: org.example.TestClass.SumTest<br>Parameters: -1, 4, 3</td>
<td></td>
<td>0</td>
<td>org.example.TestClass.SumTest@5a955565</td></tr>
<tr>
<td title='org.example.TestClass.SumTest.sumTest()'><b>sumTest</b><br>Test class: org.example.TestClass.SumTest<br>Parameters: 1000000, 5000000, 6000000</td>
<td></td>
<td>0</td>
<td>org.example.TestClass.SumTest@5a955565</td></tr>
</table><p>
</body>
</html>